<?xml version="1.0" encoding="UTF-8"?>
<!-- Generated by org.testng.reporters.JUnitXMLReporter -->
<testsuite hostname="LAPTOP-G0BF4AFQ" ignored="0" name="Test" tests="3" failures="0" timestamp="2022-01-19T16:10:06 IST" time="17.129" errors="0">
  <testcase name="test" time="0.027" classname="com.nettracker.App_test"/>
  <testcase name="test2" time="0.003" classname="com.nettracker.App_test"/>
  <testcase name="test1" time="16.949" classname="com.nettracker.TC_login"/>
</testsuite> <!-- Test -->
