<?xml version="1.0" encoding="UTF-8"?>
<testng-results skipped="0" failed="0" ignored="0" total="3" passed="3">
  <reporter-output>
  </reporter-output>
  <suite name="Suite" duration-ms="18989" started-at="2022-01-31T17:13:47 IST" finished-at="2022-01-31T17:14:06 IST">
    <groups>
    </groups>
    <test name="Test" duration-ms="18989" started-at="2022-01-31T17:13:47 IST" finished-at="2022-01-31T17:14:06 IST">
      <class name="com.nettracker.App_test">
        <test-method status="PASS" signature="test()[pri:0, instance:com.nettracker.App_test@4232c52b]" name="test" duration-ms="18" started-at="2022-01-31T17:13:47 IST" finished-at="2022-01-31T17:13:47 IST">
          <reporter-output>
          </reporter-output>
        </test-method> <!-- test -->
        <test-method status="PASS" signature="test2()[pri:0, instance:com.nettracker.App_test@4232c52b]" name="test2" duration-ms="0" started-at="2022-01-31T17:13:47 IST" finished-at="2022-01-31T17:13:47 IST">
          <reporter-output>
          </reporter-output>
        </test-method> <!-- test2 -->
      </class> <!-- com.nettracker.App_test -->
      <class name="com.nettracker.TC_login">
        <test-method status="PASS" signature="test1()[pri:0, instance:com.nettracker.TC_login@34c4973]" name="test1" duration-ms="18918" started-at="2022-01-31T17:13:47 IST" finished-at="2022-01-31T17:14:06 IST">
          <reporter-output>
          </reporter-output>
        </test-method> <!-- test1 -->
      </class> <!-- com.nettracker.TC_login -->
    </test> <!-- Test -->
  </suite> <!-- Suite -->
</testng-results>
