<?xml version="1.0" encoding="UTF-8"?>
<testng-results skipped="0" failed="0" ignored="0" total="1" passed="1">
  <reporter-output>
  </reporter-output>
  <suite name="Default suite" duration-ms="32743" started-at="2022-03-05T20:17:35 IST" finished-at="2022-03-05T20:18:08 IST">
    <groups>
    </groups>
    <test name="Default test" duration-ms="32743" started-at="2022-03-05T20:17:35 IST" finished-at="2022-03-05T20:18:08 IST">
      <class name="com.nettracker.Jiraclass">
        <test-method status="PASS" signature="test1()[pri:0, instance:com.nettracker.Jiraclass@612679d6]" name="test1" duration-ms="32689" started-at="2022-03-05T20:17:35 IST" finished-at="2022-03-05T20:18:08 IST">
          <reporter-output>
          </reporter-output>
        </test-method> <!-- test1 -->
      </class> <!-- com.nettracker.Jiraclass -->
    </test> <!-- Default test -->
  </suite> <!-- Default suite -->
</testng-results>
